<?xml version="1.0" encoding="UTF-8"?>
<testng-results skipped="0" failed="0" ignored="0" total="0" passed="0">
  <reporter-output>
  </reporter-output>
  <suite name="ChatBot_API.ChatBot_API.AppTest" duration-ms="5" started-at="2017-05-10T10:20:05Z" finished-at="2017-05-10T10:20:05Z">
    <groups>
    </groups>
    <test name="Command line test" duration-ms="5" started-at="2017-05-10T10:20:05Z" finished-at="2017-05-10T10:20:05Z">
    </test> <!-- Command line test -->
  </suite> <!-- ChatBot_API.ChatBot_API.AppTest -->
</testng-results>
