<?xml version="1.0" encoding="UTF-8"?>
<testng-results skipped="0" failed="1" ignored="0" total="1" passed="0">
  <reporter-output>
  </reporter-output>
  <suite name="Default suite" duration-ms="13744" started-at="2017-06-02T08:05:46Z" finished-at="2017-06-02T08:05:59Z">
    <groups>
    </groups>
    <test name="Default test" duration-ms="13744" started-at="2017-06-02T08:05:46Z" finished-at="2017-06-02T08:05:59Z">
      <class name="com.chatbot.testscripts.TC_001">
        <test-method status="PASS" signature="setup()[pri:0, instance:com.chatbot.testscripts.TC_001@6580cfdd]" name="setup" is-config="true" duration-ms="10" started-at="2017-06-02T13:35:46Z" finished-at="2017-06-02T13:35:46Z">
          <reporter-output>
          </reporter-output>
        </test-method> <!-- setup -->
        <test-method status="FAIL" signature="verifyGetQueries()[pri:1, instance:com.chatbot.testscripts.TC_001@6580cfdd]" name="verifyGetQueries" duration-ms="13693" started-at="2017-06-02T13:35:46Z" finished-at="2017-06-02T13:35:59Z">
          <exception class="com.google.gson.JsonSyntaxException">
            <message>
              <![CDATA[java.lang.IllegalStateException: Expected BEGIN_ARRAY but was BEGIN_OBJECT at line 1 column 2]]>
            </message>
            <full-stacktrace>
              <![CDATA[com.google.gson.JsonSyntaxException: java.lang.IllegalStateException: Expected BEGIN_ARRAY but was BEGIN_OBJECT at line 1 column 2
	at com.google.gson.Gson.fromJson(Gson.java:815)
	at com.google.gson.Gson.fromJson(Gson.java:768)
	at com.google.gson.Gson.fromJson(Gson.java:717)
	at com.google.gson.Gson.fromJson(Gson.java:689)
	at com.chatbot.testscripts.TC_001.verifyGetQueries(TC_001.java:41)
	at sun.reflect.NativeMethodAccessorImpl.invoke0(Native Method)
	at sun.reflect.NativeMethodAccessorImpl.invoke(Unknown Source)
	at sun.reflect.DelegatingMethodAccessorImpl.invoke(Unknown Source)
	at java.lang.reflect.Method.invoke(Unknown Source)
	at org.testng.internal.MethodInvocationHelper.invokeMethod(MethodInvocationHelper.java:108)
	at org.testng.internal.Invoker.invokeMethod(Invoker.java:661)
	at org.testng.internal.Invoker.invokeTestMethod(Invoker.java:869)
	at org.testng.internal.Invoker.invokeTestMethods(Invoker.java:1193)
	at org.testng.internal.TestMethodWorker.invokeTestMethods(TestMethodWorker.java:126)
	at org.testng.internal.TestMethodWorker.run(TestMethodWorker.java:109)
	at org.testng.TestRunner.privateRun(TestRunner.java:744)
	at org.testng.TestRunner.run(TestRunner.java:602)
	at org.testng.SuiteRunner.runTest(SuiteRunner.java:380)
	at org.testng.SuiteRunner.runSequentially(SuiteRunner.java:375)
	at org.testng.SuiteRunner.privateRun(SuiteRunner.java:340)
	at org.testng.SuiteRunner.run(SuiteRunner.java:289)
	at org.testng.SuiteRunnerWorker.runSuite(SuiteRunnerWorker.java:52)
	at org.testng.SuiteRunnerWorker.run(SuiteRunnerWorker.java:86)
	at org.testng.TestNG.runSuitesSequentially(TestNG.java:1301)
	at org.testng.TestNG.runSuitesLocally(TestNG.java:1226)
	at org.testng.TestNG.runSuites(TestNG.java:1144)
	at org.testng.TestNG.run(TestNG.java:1115)
	at org.testng.remote.AbstractRemoteTestNG.run(AbstractRemoteTestNG.java:132)
	at org.testng.remote.RemoteTestNG.initAndRun(RemoteTestNG.java:230)
	at org.testng.remote.RemoteTestNG.main(RemoteTestNG.java:76)
Caused by: java.lang.IllegalStateException: Expected BEGIN_ARRAY but was BEGIN_OBJECT at line 1 column 2
	at com.google.gson.stream.JsonReader.beginArray(JsonReader.java:338)
	at com.google.gson.internal.bind.ArrayTypeAdapter.read(ArrayTypeAdapter.java:70)
	at com.google.gson.Gson.fromJson(Gson.java:803)
	... 29 more
]]>
            </full-stacktrace>
          </exception> <!-- com.google.gson.JsonSyntaxException -->
          <reporter-output>
          </reporter-output>
        </test-method> <!-- verifyGetQueries -->
      </class> <!-- com.chatbot.testscripts.TC_001 -->
    </test> <!-- Default test -->
  </suite> <!-- Default suite -->
</testng-results>
