<?xml version="1.0" encoding="UTF-8"?>
<!-- Generated by org.testng.reporters.JUnitXMLReporter -->
<testsuite hostname="ABZ-150" name="Verify_ChatBot_Flow" tests="1" failures="1" timestamp="21 Jun 2017 09:50:55 GMT" time="17.051" errors="0">
  <testcase name="verifyChatBotFlow" time="17.004" classname="com.Abzooba.chatbot.testscripts.TC_0003">
    <failure type="java.lang.AssertionError" message="expected [true] but found [false]">
      <![CDATA[java.lang.AssertionError: expected [true] but found [false]
	at com.Abzooba.chatbot.testscripts.TC_0003.verifyChatBotFlow(TC_0003.java:84)
... Removed 27 stack frames]]>
    </failure>
  </testcase> <!-- verifyChatBotFlow -->
</testsuite> <!-- Verify_ChatBot_Flow -->
